app/build/intermediates/manifest_merge_blame_file/debug/manifest-merger-blame-debug-report.txt
1<?xml version="1.0" encoding="utf-8"?>
2<manifest xmlns:android="http://schemas.android.com/apk/res/android"
3    package="com.saphamrah.customer"
4    android:versionCode="1"
5    android:versionName="1.1" >
6
7    <uses-sdk
8        android:minSdkVersion="21"
8-->src\main\AndroidManifest.xml
9        android:targetSdkVersion="32" />
9-->src\main\AndroidManifest.xml
10
11    <uses-permission android:name="android.permission.INTERNET" />
11-->src\main\AndroidManifest.xml:6:5-67
11-->src\main\AndroidManifest.xml:6:22-64
12    <uses-permission android:name="android.permission.REQUEST_INSTALL_PACKAGES" />
12-->src\main\AndroidManifest.xml:7:5-83
12-->src\main\AndroidManifest.xml:7:22-80
13    <uses-permission android:name="android.permission.REQUEST_DELETE_PACKAGES" />
13-->src\main\AndroidManifest.xml:8:5-82
13-->src\main\AndroidManifest.xml:8:22-79
14    <uses-permission android:name="android.permission.READ_PHONE_STATE" />
14-->src\main\AndroidManifest.xml:9:5-75
14-->src\main\AndroidManifest.xml:9:22-72
15    <uses-permission android:name="android.permission.ACCESS_FINE_LOCATION" />
15-->src\main\AndroidManifest.xml:10:5-79
15-->src\main\AndroidManifest.xml:10:22-76
16    <uses-permission android:name="android.permission.ACCESS_COARSE_LOCATION" />
16-->src\main\AndroidManifest.xml:11:5-81
16-->src\main\AndroidManifest.xml:11:22-78
17    <uses-permission android:name="android.permission.ACCESS_WIFI_STATE" />
17-->src\main\AndroidManifest.xml:12:5-76
17-->src\main\AndroidManifest.xml:12:22-73
18    <uses-permission android:name="android.permission.CHANGE_WIFI_STATE" />
18-->src\main\AndroidManifest.xml:13:5-76
18-->src\main\AndroidManifest.xml:13:22-73
19    <uses-permission android:name="android.permission.ACCESS_NETWORK_STATE" />
19-->src\main\AndroidManifest.xml:14:5-79
19-->src\main\AndroidManifest.xml:14:22-76
20    <uses-permission android:name="android.permission.USE_BIOMETRIC" />
20-->src\main\AndroidManifest.xml:15:5-72
20-->src\main\AndroidManifest.xml:15:22-69
21    <uses-permission android:name="android.permission.WAKE_LOCK" />
21-->src\main\AndroidManifest.xml:16:5-68
21-->src\main\AndroidManifest.xml:16:22-65
22    <uses-permission android:name="android.permission.WRITE_EXTERNAL_STORAGE" />
22-->src\main\AndroidManifest.xml:17:5-81
22-->src\main\AndroidManifest.xml:17:22-78
23    <uses-permission android:name="android.permission.READ_EXTERNAL_STORAGE" />
23-->src\main\AndroidManifest.xml:18:5-80
23-->src\main\AndroidManifest.xml:18:22-77
24    <uses-permission android:name="android.permission.FOREGROUND_SERVICE" />
24-->src\main\AndroidManifest.xml:19:5-77
24-->src\main\AndroidManifest.xml:19:22-74
25    <uses-permission android:name="android.permission.CAMERA" />
25-->src\main\AndroidManifest.xml:20:5-65
25-->src\main\AndroidManifest.xml:20:22-62
26    <uses-permission android:name="android.permission.BLUETOOTH" />
26-->src\main\AndroidManifest.xml:21:5-68
26-->src\main\AndroidManifest.xml:21:22-65
27    <uses-permission android:name="android.permission.BLUETOOTH_ADMIN" />
27-->src\main\AndroidManifest.xml:22:5-74
27-->src\main\AndroidManifest.xml:22:22-71
28
29    <!-- suppress DeprecatedClassUsageInspection -->
30    <uses-permission android:name="android.permission.USE_FINGERPRINT" />
30-->[androidx.biometric:biometric:1.1.0] AndroidManifest.xml:27:5-74
30-->[androidx.biometric:biometric:1.1.0] AndroidManifest.xml:27:22-71
31
32    <uses-feature
32-->[com.google.android.gms:play-services-maps:17.0.0] AndroidManifest.xml:26:5-28:35
33        android:glEsVersion="0x00020000"
33-->[com.google.android.gms:play-services-maps:17.0.0] AndroidManifest.xml:27:9-41
34        android:required="true" />
34-->[com.google.android.gms:play-services-maps:17.0.0] AndroidManifest.xml:28:9-32
35
36    <supports-screens
36-->[org.osmdroid:osmdroid-android:6.1.10] AndroidManifest.xml:11:5-14:40
37        android:anyDensity="true"
37-->[org.osmdroid:osmdroid-android:6.1.10] AndroidManifest.xml:12:9-34
38        android:largeScreens="true"
38-->[org.osmdroid:osmdroid-android:6.1.10] AndroidManifest.xml:13:9-36
39        android:normalScreens="true" />
39-->[org.osmdroid:osmdroid-android:6.1.10] AndroidManifest.xml:14:9-37
40
41    <uses-feature
41-->[org.osmdroid:osmdroid-android:6.1.10] AndroidManifest.xml:16:5-18:36
42        android:name="android.hardware.location.network"
42-->[org.osmdroid:osmdroid-android:6.1.10] AndroidManifest.xml:17:9-57
43        android:required="false" />
43-->[org.osmdroid:osmdroid-android:6.1.10] AndroidManifest.xml:18:9-33
44    <uses-feature
44-->[org.osmdroid:osmdroid-android:6.1.10] AndroidManifest.xml:19:5-21:36
45        android:name="android.hardware.location.gps"
45-->[org.osmdroid:osmdroid-android:6.1.10] AndroidManifest.xml:20:9-53
46        android:required="false" />
46-->[org.osmdroid:osmdroid-android:6.1.10] AndroidManifest.xml:21:9-33
47    <uses-feature
47-->[org.osmdroid:osmdroid-android:6.1.10] AndroidManifest.xml:22:5-24:36
48        android:name="android.hardware.telephony"
48-->[org.osmdroid:osmdroid-android:6.1.10] AndroidManifest.xml:23:9-50
49        android:required="false" />
49-->[org.osmdroid:osmdroid-android:6.1.10] AndroidManifest.xml:24:9-33
50    <uses-feature
50-->[org.osmdroid:osmdroid-android:6.1.10] AndroidManifest.xml:25:5-27:36
51        android:name="android.hardware.wifi"
51-->[org.osmdroid:osmdroid-android:6.1.10] AndroidManifest.xml:26:9-45
52        android:required="false" />
52-->[org.osmdroid:osmdroid-android:6.1.10] AndroidManifest.xml:27:9-33
53
54    <uses-permission android:name="android.permission.VIBRATE" />
54-->[com.mohamadamin:persianmaterialdatetimepicker:1.2.1] AndroidManifest.xml:26:5-66
54-->[com.mohamadamin:persianmaterialdatetimepicker:1.2.1] AndroidManifest.xml:26:22-63
55
56    <application
56-->src\main\AndroidManifest.xml:24:5-58:19
57        android:name="com.saphamrah.customer.Application"
57-->src\main\AndroidManifest.xml:25:9-58
58        android:allowBackup="true"
58-->src\main\AndroidManifest.xml:26:9-35
59        android:appComponentFactory="androidx.core.app.CoreComponentFactory"
59-->[androidx.core:core:1.5.0] AndroidManifest.xml:24:18-86
60        android:debuggable="true"
61        android:hardwareAccelerated="true"
61-->src\main\AndroidManifest.xml:27:9-43
62        android:icon="@drawable/ic_launcher_icon"
62-->src\main\AndroidManifest.xml:28:9-50
63        android:label="@string/app_name"
63-->src\main\AndroidManifest.xml:29:9-41
64        android:largeHeap="true"
64-->src\main\AndroidManifest.xml:30:9-33
65        android:requestLegacyExternalStorage="true"
65-->src\main\AndroidManifest.xml:31:9-52
66        android:roundIcon="@drawable/ic_launcher_icon"
66-->src\main\AndroidManifest.xml:32:9-55
67        android:supportsRtl="true"
67-->src\main\AndroidManifest.xml:33:9-35
68        android:testOnly="true"
69        android:theme="@style/AppTheme"
69-->src\main\AndroidManifest.xml:34:9-40
70        android:usesCleartextTraffic="true"
70-->src\main\AndroidManifest.xml:35:9-44
71        android:windowSoftInputMode="adjustResize" >
71-->src\main\AndroidManifest.xml:36:9-51
72        <activity
72-->src\main\AndroidManifest.xml:38:9-44:20
73            android:name="com.saphamrah.customer.presentation.createRequest.CreateRequestActivity"
73-->src\main\AndroidManifest.xml:39:13-77
74            android:exported="false" >
74-->src\main\AndroidManifest.xml:40:13-37
75            <meta-data
75-->src\main\AndroidManifest.xml:41:13-43:36
76                android:name="android.app.lib_name"
76-->src\main\AndroidManifest.xml:42:17-52
77                android:value="" />
77-->src\main\AndroidManifest.xml:43:17-33
78        </activity>
79        <activity
79-->src\main\AndroidManifest.xml:47:9-56:20
80            android:name="com.saphamrah.customer.presentation.main.MainActivity"
80-->src\main\AndroidManifest.xml:48:13-59
81            android:exported="true" >
81-->src\main\AndroidManifest.xml:49:13-36
82            <intent-filter>
82-->src\main\AndroidManifest.xml:50:13-55:29
83                <action android:name="android.intent.action.VIEW" />
83-->src\main\AndroidManifest.xml:51:17-69
83-->src\main\AndroidManifest.xml:51:25-66
84                <action android:name="android.intent.action.MAIN" />
84-->src\main\AndroidManifest.xml:52:17-69
84-->src\main\AndroidManifest.xml:52:25-66
85
86                <category android:name="android.intent.category.LAUNCHER" />
86-->src\main\AndroidManifest.xml:54:17-77
86-->src\main\AndroidManifest.xml:54:27-74
87            </intent-filter>
88        </activity>
89        <activity android:name="com.saphamrah.customer.presentation.login.LoginActivity" />
89-->src\main\AndroidManifest.xml:57:9-70
89-->src\main\AndroidManifest.xml:57:19-67
90        <!-- Needs to be explicitly declared on P+ -->
91        <uses-library
91-->[com.google.android.gms:play-services-maps:17.0.0] AndroidManifest.xml:33:9-35:40
92            android:name="org.apache.http.legacy"
92-->[com.google.android.gms:play-services-maps:17.0.0] AndroidManifest.xml:34:13-50
93            android:required="false" />
93-->[com.google.android.gms:play-services-maps:17.0.0] AndroidManifest.xml:35:13-37
94
95        <meta-data
95-->[com.google.maps.android:android-maps-utils:1.3.3] AndroidManifest.xml:12:9-14:69
96            android:name="com.google.android.gms.version"
96-->[com.google.maps.android:android-maps-utils:1.3.3] AndroidManifest.xml:13:13-58
97            android:value="@integer/google_play_services_version" />
97-->[com.google.maps.android:android-maps-utils:1.3.3] AndroidManifest.xml:14:13-66
98
99        <provider
99-->[com.squareup.picasso:picasso:2.71828] AndroidManifest.xml:8:9-11:40
100            android:name="com.squareup.picasso.PicassoProvider"
100-->[com.squareup.picasso:picasso:2.71828] AndroidManifest.xml:9:13-64
101            android:authorities="com.saphamrah.customer.com.squareup.picasso"
101-->[com.squareup.picasso:picasso:2.71828] AndroidManifest.xml:10:13-72
102            android:exported="false" />
102-->[com.squareup.picasso:picasso:2.71828] AndroidManifest.xml:11:13-37
103
104        <service
104-->[androidx.room:room-runtime:2.4.3] AndroidManifest.xml:25:9-28:40
105            android:name="androidx.room.MultiInstanceInvalidationService"
105-->[androidx.room:room-runtime:2.4.3] AndroidManifest.xml:26:13-74
106            android:directBootAware="true"
106-->[androidx.room:room-runtime:2.4.3] AndroidManifest.xml:27:13-43
107            android:exported="false" />
107-->[androidx.room:room-runtime:2.4.3] AndroidManifest.xml:28:13-37
108
109        <activity
109-->[com.google.android.gms:play-services-base:17.3.0] AndroidManifest.xml:23:9-26:75
110            android:name="com.google.android.gms.common.api.GoogleApiActivity"
110-->[com.google.android.gms:play-services-base:17.3.0] AndroidManifest.xml:24:13-79
111            android:exported="false"
111-->[com.google.android.gms:play-services-base:17.3.0] AndroidManifest.xml:25:13-37
112            android:theme="@android:style/Theme.Translucent.NoTitleBar" />
112-->[com.google.android.gms:play-services-base:17.3.0] AndroidManifest.xml:26:13-72
113    </application>
114
115</manifest>